mode: atomic
github.com/munnik/gosk/collector/linereader.go:23.68,25.2 1 0
github.com/munnik/gosk/collector/linereader.go:27.55,30.12 3 0
github.com/munnik/gosk/collector/linereader.go:41.2,41.62 1 0
github.com/munnik/gosk/collector/linereader.go:30.12,31.7 1 0
github.com/munnik/gosk/collector/linereader.go:31.7,32.44 1 0
github.com/munnik/gosk/collector/linereader.go:32.44,38.5 1 0
github.com/munnik/gosk/collector/linereader.go:44.58,46.16 2 0
github.com/munnik/gosk/collector/linereader.go:49.2,49.31 1 0
github.com/munnik/gosk/collector/linereader.go:46.16,48.3 1 0
github.com/munnik/gosk/collector/linereader.go:52.55,55.6 3 0
github.com/munnik/gosk/collector/linereader.go:82.2,82.20 1 0
github.com/munnik/gosk/collector/linereader.go:55.6,56.67 1 0
github.com/munnik/gosk/collector/linereader.go:56.67,58.18 2 0
github.com/munnik/gosk/collector/linereader.go:61.4,66.31 2 0
github.com/munnik/gosk/collector/linereader.go:58.18,59.10 1 0
github.com/munnik/gosk/collector/linereader.go:67.9,67.43 1 0
github.com/munnik/gosk/collector/linereader.go:67.43,69.18 2 0
github.com/munnik/gosk/collector/linereader.go:72.4,77.31 2 0
github.com/munnik/gosk/collector/linereader.go:69.18,70.10 1 0
github.com/munnik/gosk/collector/linereader.go:78.9,80.4 1 0
github.com/munnik/gosk/collector/linereader.go:85.62,86.21 1 0
github.com/munnik/gosk/collector/linereader.go:112.2,112.17 1 0
github.com/munnik/gosk/collector/linereader.go:86.21,87.35 1 0
github.com/munnik/gosk/collector/linereader.go:87.35,89.18 2 0
github.com/munnik/gosk/collector/linereader.go:92.4,93.18 2 0
github.com/munnik/gosk/collector/linereader.go:96.4,96.20 1 0
github.com/munnik/gosk/collector/linereader.go:89.18,91.5 1 0
github.com/munnik/gosk/collector/linereader.go:93.18,95.5 1 0
github.com/munnik/gosk/collector/linereader.go:97.9,97.42 1 0
github.com/munnik/gosk/collector/linereader.go:97.42,99.18 2 0
github.com/munnik/gosk/collector/linereader.go:103.4,103.45 1 0
github.com/munnik/gosk/collector/linereader.go:99.18,101.5 1 0
github.com/munnik/gosk/collector/linereader.go:105.8,107.17 2 0
github.com/munnik/gosk/collector/linereader.go:110.3,110.19 1 0
github.com/munnik/gosk/collector/linereader.go:107.17,109.4 1 0
github.com/munnik/gosk/collector/linereader.go:115.59,117.16 2 0
github.com/munnik/gosk/collector/linereader.go:120.2,121.54 2 0
github.com/munnik/gosk/collector/linereader.go:139.2,139.20 1 0
github.com/munnik/gosk/collector/linereader.go:117.16,119.3 1 0
github.com/munnik/gosk/collector/linereader.go:121.54,130.17 2 0
github.com/munnik/gosk/collector/linereader.go:130.17,132.4 1 0
github.com/munnik/gosk/collector/linereader.go:133.8,135.17 2 0
github.com/munnik/gosk/collector/linereader.go:135.17,137.4 1 0
github.com/munnik/gosk/collector/linereader.go:142.72,144.21 2 0
github.com/munnik/gosk/collector/linereader.go:147.2,147.38 1 0
github.com/munnik/gosk/collector/linereader.go:150.2,150.12 1 0
github.com/munnik/gosk/collector/linereader.go:144.21,146.3 1 0
github.com/munnik/gosk/collector/linereader.go:147.38,149.3 1 0
github.com/munnik/gosk/collector/linereader.go:158.62,161.2 2 0
github.com/munnik/gosk/collector/main.go:17.96,19.28 2 0
github.com/munnik/gosk/collector/main.go:19.28,27.17 4 0
github.com/munnik/gosk/collector/main.go:35.3,35.48 1 0
github.com/munnik/gosk/collector/main.go:43.3,46.4 1 0
github.com/munnik/gosk/collector/main.go:27.17,33.12 2 0
github.com/munnik/gosk/collector/main.go:35.48,41.12 2 0
github.com/munnik/gosk/collector/modbusreader.go:31.106,32.25 1 0
github.com/munnik/gosk/collector/modbusreader.go:37.2,37.65 1 0
github.com/munnik/gosk/collector/modbusreader.go:32.25,33.54 1 0
github.com/munnik/gosk/collector/modbusreader.go:33.54,35.4 1 0
github.com/munnik/gosk/collector/modbusreader.go:40.57,43.12 3 0
github.com/munnik/gosk/collector/modbusreader.go:54.2,54.62 1 0
github.com/munnik/gosk/collector/modbusreader.go:43.12,44.7 1 0
github.com/munnik/gosk/collector/modbusreader.go:44.7,45.44 1 0
github.com/munnik/gosk/collector/modbusreader.go:45.44,51.5 1 0
github.com/munnik/gosk/collector/modbusreader.go:57.60,59.16 2 0
github.com/munnik/gosk/collector/modbusreader.go:62.2,70.45 6 0
github.com/munnik/gosk/collector/modbusreader.go:78.2,78.12 1 0
github.com/munnik/gosk/collector/modbusreader.go:83.2,83.9 1 0
github.com/munnik/gosk/collector/modbusreader.go:91.2,91.12 1 0
github.com/munnik/gosk/collector/modbusreader.go:59.16,61.3 1 0
github.com/munnik/gosk/collector/modbusreader.go:70.45,71.65 1 0
github.com/munnik/gosk/collector/modbusreader.go:71.65,72.51 1 0
github.com/munnik/gosk/collector/modbusreader.go:75.4,75.13 1 0
github.com/munnik/gosk/collector/modbusreader.go:72.51,74.5 1 0
github.com/munnik/gosk/collector/modbusreader.go:78.12,82.3 2 0
github.com/munnik/gosk/collector/modbusreader.go:84.14,86.8 1 0
github.com/munnik/gosk/collector/modbusreader.go:87.23,89.13 2 0
github.com/munnik/gosk/collector/modbusreader.go:94.61,103.16 2 0
github.com/munnik/gosk/collector/modbusreader.go:106.2,106.38 1 0
github.com/munnik/gosk/collector/modbusreader.go:109.2,109.47 1 0
github.com/munnik/gosk/collector/modbusreader.go:103.16,105.3 1 0
github.com/munnik/gosk/collector/modbusreader.go:106.38,108.3 1 0
github.com/munnik/gosk/collector/modbusreader.go:117.32,121.2 3 0
github.com/munnik/gosk/collector/modbusreader.go:123.121,129.22 5 0
github.com/munnik/gosk/collector/modbusreader.go:157.2,157.19 1 0
github.com/munnik/gosk/collector/modbusreader.go:130.13,132.17 2 0
github.com/munnik/gosk/collector/modbusreader.go:135.3,135.80 1 0
github.com/munnik/gosk/collector/modbusreader.go:136.22,138.17 2 0
github.com/munnik/gosk/collector/modbusreader.go:141.3,141.80 1 0
github.com/munnik/gosk/collector/modbusreader.go:142.24,144.17 2 0
github.com/munnik/gosk/collector/modbusreader.go:147.3,147.82 1 0
github.com/munnik/gosk/collector/modbusreader.go:148.22,150.17 2 0
github.com/munnik/gosk/collector/modbusreader.go:153.3,153.82 1 0
github.com/munnik/gosk/collector/modbusreader.go:154.10,155.76 1 0
github.com/munnik/gosk/collector/modbusreader.go:132.17,134.4 1 0
github.com/munnik/gosk/collector/modbusreader.go:138.17,140.4 1 0
github.com/munnik/gosk/collector/modbusreader.go:144.17,146.4 1 0
github.com/munnik/gosk/collector/modbusreader.go:150.17,152.4 1 0
github.com/munnik/gosk/collector/modbusreader.go:160.89,163.6 3 0
github.com/munnik/gosk/collector/modbusreader.go:163.6,164.10 1 0
github.com/munnik/gosk/collector/modbusreader.go:165.19,168.18 2 0
github.com/munnik/gosk/collector/modbusreader.go:171.4,171.19 1 0
github.com/munnik/gosk/collector/modbusreader.go:172.15,174.14 2 0
github.com/munnik/gosk/collector/modbusreader.go:168.18,170.5 1 0
github.com/munnik/gosk/collector/modbusreader.go:179.117,181.27 2 3
github.com/munnik/gosk/collector/modbusreader.go:187.2,187.84 1 3
github.com/munnik/gosk/collector/modbusreader.go:181.27,182.8 1 24
github.com/munnik/gosk/collector/modbusreader.go:182.8,185.4 1 15
github.com/munnik/gosk/collector/modbusreader.go:190.121,194.27 4 3
github.com/munnik/gosk/collector/modbusreader.go:199.2,199.14 1 3
github.com/munnik/gosk/collector/modbusreader.go:194.27,198.3 2 3
github.com/munnik/gosk/collector/modbusreader.go:202.100,212.2 9 3
